{
    "meta": {
        "format": 2,
        "version": "7.5.1",
        "timestamp": "2024-05-21T01:11:40.943760",
        "branch_coverage": true,
        "show_contexts": false
    },
    "files": {
        "moonshot/__init__.py": {
            "executed_lines": [],
            "summary": {
                "covered_lines": 0,
                "num_statements": 0,
                "percent_covered": 100.0,
                "percent_covered_display": "100",
                "missing_lines": 0,
                "excluded_lines": 0,
                "num_branches": 0,
                "num_partial_branches": 0,
                "covered_branches": 0,
                "missing_branches": 0
            },
            "missing_lines": [],
            "excluded_lines": [],
            "executed_branches": [],
            "missing_branches": []
        },
        "moonshot/__main__.py": {
            "executed_lines": [],
            "summary": {
                "covered_lines": 0,
                "num_statements": 25,
                "percent_covered": 0.0,
                "percent_covered_display": "0",
                "missing_lines": 25,
                "excluded_lines": 0,
                "num_branches": 8,
                "num_partial_branches": 0,
                "covered_branches": 0,
                "missing_branches": 8
            },
            "missing_lines": [
                1,
                2,
                3,
                4,
                5,
                9,
                12,
                13,
                14,
                15,
                16,
                17,
                18,
                19,
                20,
                21,
                22,
                23,
                25,
                28,
                29,
                30,
                31,
                34,
                35
            ],
            "excluded_lines": [],
            "executed_branches": [],
            "missing_branches": [
                [
                    13,
                    14
                ],
                [
                    13,
                    16
                ],
                [
                    18,
                    19
                ],
                [
                    18,
                    21
                ],
                [
                    21,
                    22
                ],
                [
                    21,
                    25
                ],
                [
                    34,
                    -1
                ],
                [
                    34,
                    35
                ]
            ]
        },
        "moonshot/integrations/__init__.py": {
            "executed_lines": [],
            "summary": {
                "covered_lines": 0,
                "num_statements": 0,
                "percent_covered": 100.0,
                "percent_covered_display": "100",
                "missing_lines": 0,
                "excluded_lines": 0,
                "num_branches": 0,
                "num_partial_branches": 0,
                "covered_branches": 0,
                "missing_branches": 0
            },
            "missing_lines": [],
            "excluded_lines": [],
            "executed_branches": [],
            "missing_branches": []
        },
        "moonshot/integrations/cli/__init__.py": {
            "executed_lines": [],
            "summary": {
                "covered_lines": 0,
                "num_statements": 0,
                "percent_covered": 100.0,
                "percent_covered_display": "100",
                "missing_lines": 0,
                "excluded_lines": 0,
                "num_branches": 0,
                "num_partial_branches": 0,
                "covered_branches": 0,
                "missing_branches": 0
            },
            "missing_lines": [],
            "excluded_lines": [],
            "executed_branches": [],
            "missing_branches": []
        },
        "moonshot/integrations/cli/__main__.py": {
            "executed_lines": [],
            "summary": {
                "covered_lines": 0,
                "num_statements": 16,
                "percent_covered": 0.0,
                "percent_covered_display": "0",
                "missing_lines": 16,
                "excluded_lines": 0,
                "num_branches": 6,
                "num_partial_branches": 0,
                "covered_branches": 0,
                "missing_branches": 6
            },
            "missing_lines": [
                1,
                2,
                4,
                7,
                12,
                14,
                15,
                17,
                18,
                21,
                22,
                23,
                24,
                26,
                29,
                30
            ],
            "excluded_lines": [],
            "executed_branches": [],
            "missing_branches": [
                [
                    15,
                    17
                ],
                [
                    15,
                    21
                ],
                [
                    22,
                    23
                ],
                [
                    22,
                    26
                ],
                [
                    29,
                    -1
                ],
                [
                    29,
                    30
                ]
            ]
        },
        "moonshot/integrations/cli/active_session_cfg.py": {
            "executed_lines": [],
            "summary": {
                "covered_lines": 0,
                "num_statements": 1,
                "percent_covered": 0.0,
                "percent_covered_display": "0",
                "missing_lines": 1,
                "excluded_lines": 0,
                "num_branches": 0,
                "num_partial_branches": 0,
                "covered_branches": 0,
                "missing_branches": 0
            },
            "missing_lines": [
                1
            ],
            "excluded_lines": [],
            "executed_branches": [],
            "missing_branches": []
        },
        "moonshot/integrations/cli/benchmark/__init__.py": {
            "executed_lines": [],
            "summary": {
                "covered_lines": 0,
                "num_statements": 0,
                "percent_covered": 100.0,
                "percent_covered_display": "100",
                "missing_lines": 0,
                "excluded_lines": 0,
                "num_branches": 0,
                "num_partial_branches": 0,
                "covered_branches": 0,
                "missing_branches": 0
            },
            "missing_lines": [],
            "excluded_lines": [],
            "executed_branches": [],
            "missing_branches": []
        },
        "moonshot/integrations/cli/benchmark/benchmark.py": {
            "executed_lines": [],
            "summary": {
                "covered_lines": 0,
                "num_statements": 84,
                "percent_covered": 0.0,
                "percent_covered_display": "0",
                "missing_lines": 84,
                "excluded_lines": 0,
                "num_branches": 40,
                "num_partial_branches": 0,
                "covered_branches": 0,
                "missing_branches": 40
            },
            "missing_lines": [
                1,
                3,
                5,
                18,
                25,
                32,
                45,
                52,
                53,
                62,
                63,
                64,
                65,
                71,
                72,
                74,
                75,
                77,
                78,
                80,
                81,
                83,
                84,
                86,
                87,
                89,
                90,
                96,
                97,
                98,
                100,
                101,
                102,
                108,
                109,
                110,
                112,
                113,
                114,
                116,
                117,
                118,
                120,
                121,
                122,
                124,
                125,
                126,
                128,
                129,
                130,
                136,
                137,
                138,
                140,
                141,
                142,
                148,
                149,
                150,
                152,
                153,
                154,
                160,
                161,
                162,
                164,
                165,
                166,
                168,
                169,
                170,
                172,
                173,
                174,
                176,
                177,
                178,
                180,
                181,
                182,
                184,
                185,
                186
            ],
            "excluded_lines": [],
            "executed_branches": [],
            "missing_branches": [
                [
                    62,
                    63
                ],
                [
                    62,
                    64
                ],
                [
                    97,
                    96
                ],
                [
                    97,
                    100
                ],
                [
                    101,
                    100
                ],
                [
                    101,
                    108
                ],
                [
                    109,
                    108
                ],
                [
                    109,
                    112
                ],
                [
                    113,
                    112
                ],
                [
                    113,
                    116
                ],
                [
                    117,
                    116
                ],
                [
                    117,
                    120
                ],
                [
                    121,
                    120
                ],
                [
                    121,
                    124
                ],
                [
                    125,
                    124
                ],
                [
                    125,
                    128
                ],
                [
                    129,
                    128
                ],
                [
                    129,
                    136
                ],
                [
                    137,
                    136
                ],
                [
                    137,
                    140
                ],
                [
                    141,
                    140
                ],
                [
                    141,
                    148
                ],
                [
                    149,
                    148
                ],
                [
                    149,
                    152
                ],
                [
                    153,
                    152
                ],
                [
                    153,
                    160
                ],
                [
                    161,
                    160
                ],
                [
                    161,
                    164
                ],
                [
                    165,
                    164
                ],
                [
                    165,
                    168
                ],
                [
                    169,
                    168
                ],
                [
                    169,
                    172
                ],
                [
                    173,
                    172
                ],
                [
                    173,
                    176
                ],
                [
                    177,
                    176
                ],
                [
                    177,
                    180
                ],
                [
                    181,
                    180
                ],
                [
                    181,
                    184
                ],
                [
                    185,
                    -62
                ],
                [
                    185,
                    184
                ]
            ]
        },
        "moonshot/integrations/cli/benchmark/cookbook.py": {
            "executed_lines": [],
            "summary": {
                "covered_lines": 0,
                "num_statements": 165,
                "percent_covered": 0.0,
                "percent_covered_display": "0",
                "missing_lines": 165,
                "excluded_lines": 0,
                "num_branches": 38,
                "num_partial_branches": 0,
                "covered_branches": 0,
                "missing_branches": 38
            },
            "missing_lines": [
                1,
                2,
                4,
                5,
                6,
                7,
                9,
                21,
                25,
                27,
                33,
                50,
                51,
                52,
                53,
                54,
                55,
                58,
                69,
                70,
                71,
                72,
                73,
                76,
                91,
                92,
                93,
                94,
                95,
                98,
                120,
                121,
                122,
                123,
                124,
                125,
                126,
                127,
                128,
                131,
                132,
                133,
                135,
                137,
                138,
                148,
                151,
                152,
                153,
                154,
                158,
                160,
                161,
                164,
                180,
                181,
                182,
                183,
                184,
                185,
                186,
                189,
                207,
                210,
                211,
                212,
                213,
                214,
                215,
                216,
                217,
                223,
                234,
                235,
                238,
                239,
                240,
                241,
                242,
                243,
                244,
                245,
                246,
                247,
                249,
                252,
                266,
                267,
                268,
                269,
                272,
                273,
                274,
                275,
                276,
                290,
                291,
                292,
                293,
                296,
                297,
                300,
                303,
                305,
                309,
                311,
                312,
                313,
                315,
                318,
                336,
                338,
                340,
                343,
                346,
                365,
                368,
                369,
                370,
                371,
                373,
                374,
                376,
                385,
                387,
                388,
                390,
                400,
                401,
                402,
                403,
                404,
                411,
                412,
                413,
                415,
                425,
                426,
                432,
                433,
                436,
                444,
                448,
                454,
                457,
                464,
                470,
                471,
                474,
                479,
                490,
                491,
                496,
                500,
                503,
                507,
                510,
                518,
                519,
                520,
                521,
                524,
                527,
                530,
                537
            ],
            "excluded_lines": [],
            "executed_branches": [],
            "missing_branches": [
                [
                    132,
                    133
                ],
                [
                    132,
                    135
                ],
                [
                    153,
                    154
                ],
                [
                    153,
                    158
                ],
                [
                    210,
                    211
                ],
                [
                    210,
                    213
                ],
                [
                    234,
                    235
                ],
                [
                    234,
                    249
                ],
                [
                    241,
                    242
                ],
                [
                    241,
                    247
                ],
                [
                    268,
                    269
                ],
                [
                    268,
                    315
                ],
                [
                    275,
                    276
                ],
                [
                    275,
                    313
                ],
                [
                    336,
                    338
                ],
                [
                    336,
                    340
                ],
                [
                    370,
                    371
                ],
                [
                    370,
                    373
                ],
                [
                    374,
                    376
                ],
                [
                    374,
                    457
                ],
                [
                    376,
                    -376
                ],
                [
                    376,
                    385
                ],
                [
                    385,
                    387
                ],
                [
                    385,
                    448
                ],
                [
                    388,
                    390
                ],
                [
                    388,
                    404
                ],
                [
                    390,
                    -390
                ],
                [
                    390,
                    400
                ],
                [
                    401,
                    402
                ],
                [
                    401,
                    403
                ],
                [
                    411,
                    412
                ],
                [
                    411,
                    444
                ],
                [
                    413,
                    415
                ],
                [
                    413,
                    436
                ],
                [
                    415,
                    -415
                ],
                [
                    415,
                    425
                ],
                [
                    426,
                    432
                ],
                [
                    426,
                    433
                ]
            ]
        },
        "moonshot/integrations/cli/benchmark/datasets.py": {
            "executed_lines": [],
            "summary": {
                "covered_lines": 0,
                "num_statements": 52,
                "percent_covered": 0.0,
                "percent_covered_display": "0",
                "missing_lines": 52,
                "excluded_lines": 0,
                "num_branches": 6,
                "num_partial_branches": 0,
                "covered_branches": 0,
                "missing_branches": 6
            },
            "missing_lines": [
                1,
                2,
                3,
                5,
                10,
                12,
                18,
                29,
                30,
                31,
                32,
                33,
                34,
                37,
                52,
                53,
                54,
                55,
                58,
                60,
                62,
                63,
                66,
                83,
                86,
                87,
                88,
                89,
                90,
                91,
                92,
                93,
                99,
                112,
                113,
                116,
                117,
                118,
                119,
                130,
                131,
                132,
                133,
                135,
                140,
                141,
                142,
                144,
                151,
                155,
                160,
                164
            ],
            "excluded_lines": [],
            "executed_branches": [],
            "missing_branches": [
                [
                    86,
                    87
                ],
                [
                    86,
                    89
                ],
                [
                    112,
                    113
                ],
                [
                    112,
                    144
                ],
                [
                    118,
                    119
                ],
                [
                    118,
                    142
                ]
            ]
        },
        "moonshot/integrations/cli/benchmark/metrics.py": {
            "executed_lines": [],
            "summary": {
                "covered_lines": 0,
                "num_statements": 47,
                "percent_covered": 0.0,
                "percent_covered_display": "0",
                "missing_lines": 47,
                "excluded_lines": 0,
                "num_branches": 6,
                "num_partial_branches": 0,
                "covered_branches": 0,
                "missing_branches": 6
            },
            "missing_lines": [
                1,
                2,
                3,
                5,
                7,
                13,
                24,
                25,
                26,
                27,
                28,
                29,
                32,
                47,
                48,
                49,
                50,
                53,
                55,
                57,
                58,
                61,
                78,
                81,
                82,
                83,
                84,
                85,
                86,
                87,
                88,
                94,
                107,
                108,
                111,
                112,
                113,
                114,
                115,
                117,
                118,
                119,
                121,
                128,
                132,
                137,
                141
            ],
            "excluded_lines": [],
            "executed_branches": [],
            "missing_branches": [
                [
                    81,
                    82
                ],
                [
                    81,
                    84
                ],
                [
                    107,
                    108
                ],
                [
                    107,
                    121
                ],
                [
                    113,
                    114
                ],
                [
                    113,
                    119
                ]
            ]
        },
        "moonshot/integrations/cli/benchmark/recipe.py": {
            "executed_lines": [],
            "summary": {
                "covered_lines": 0,
                "num_statements": 163,
                "percent_covered": 0.0,
                "percent_covered_display": "0",
                "missing_lines": 163,
                "excluded_lines": 0,
                "num_branches": 38,
                "num_partial_branches": 0,
                "covered_branches": 0,
                "missing_branches": 38
            },
            "missing_lines": [
                1,
                2,
                4,
                5,
                6,
                7,
                9,
                20,
                22,
                28,
                48,
                49,
                50,
                51,
                52,
                53,
                54,
                55,
                57,
                68,
                69,
                70,
                73,
                84,
                85,
                86,
                87,
                88,
                91,
                106,
                107,
                108,
                109,
                110,
                113,
                135,
                136,
                137,
                138,
                139,
                140,
                141,
                142,
                143,
                146,
                147,
                148,
                150,
                152,
                153,
                163,
                166,
                167,
                168,
                169,
                173,
                174,
                175,
                178,
                194,
                195,
                196,
                197,
                198,
                199,
                200,
                203,
                220,
                223,
                224,
                225,
                226,
                227,
                228,
                229,
                230,
                236,
                251,
                252,
                256,
                258,
                261,
                278,
                279,
                280,
                281,
                282,
                286,
                288,
                289,
                291,
                294,
                306,
                307,
                310,
                311,
                312,
                313,
                314,
                328,
                329,
                330,
                331,
                334,
                335,
                338,
                341,
                343,
                347,
                349,
                350,
                351,
                353,
                356,
                374,
                376,
                378,
                381,
                384,
                401,
                404,
                405,
                407,
                408,
                411,
                413,
                423,
                424,
                425,
                427,
                437,
                438,
                444,
                445,
                448,
                456,
                464,
                471,
                483,
                484,
                487,
                490,
                493,
                494,
                499,
                502,
                507,
                514,
                529,
                530,
                535,
                539,
                542,
                546,
                549,
                557,
                558,
                559,
                560,
                563,
                566,
                569,
                576
            ],
            "excluded_lines": [],
            "executed_branches": [],
            "missing_branches": [
                [
                    147,
                    148
                ],
                [
                    147,
                    150
                ],
                [
                    168,
                    169
                ],
                [
                    168,
                    173
                ],
                [
                    223,
                    224
                ],
                [
                    223,
                    226
                ],
                [
                    251,
                    252
                ],
                [
                    251,
                    258
                ],
                [
                    252,
                    -252
                ],
                [
                    252,
                    256
                ],
                [
                    278,
                    279
                ],
                [
                    278,
                    291
                ],
                [
                    280,
                    281
                ],
                [
                    280,
                    289
                ],
                [
                    281,
                    282
                ],
                [
                    281,
                    288
                ],
                [
                    282,
                    -282
                ],
                [
                    282,
                    286
                ],
                [
                    306,
                    307
                ],
                [
                    306,
                    353
                ],
                [
                    313,
                    314
                ],
                [
                    313,
                    351
                ],
                [
                    374,
                    376
                ],
                [
                    374,
                    378
                ],
                [
                    407,
                    408
                ],
                [
                    407,
                    411
                ],
                [
                    411,
                    413
                ],
                [
                    411,
                    464
                ],
                [
                    413,
                    -413
                ],
                [
                    413,
                    423
                ],
                [
                    423,
                    424
                ],
                [
                    423,
                    456
                ],
                [
                    425,
                    427
                ],
                [
                    425,
                    448
                ],
                [
                    427,
                    -427
                ],
                [
                    427,
                    437
                ],
                [
                    438,
                    444
                ],
                [
                    438,
                    445
                ]
            ]
        },
        "moonshot/integrations/cli/benchmark/result.py": {
            "executed_lines": [],
            "summary": {
                "covered_lines": 0,
                "num_statements": 81,
                "percent_covered": 0.0,
                "percent_covered_display": "0",
                "missing_lines": 81,
                "excluded_lines": 0,
                "num_branches": 10,
                "num_partial_branches": 0,
                "covered_branches": 0,
                "missing_branches": 10
            },
            "missing_lines": [
                1,
                2,
                3,
                5,
                6,
                7,
                8,
                13,
                19,
                30,
                31,
                32,
                33,
                34,
                37,
                53,
                54,
                55,
                56,
                57,
                58,
                60,
                61,
                62,
                65,
                82,
                85,
                86,
                87,
                88,
                89,
                90,
                91,
                92,
                98,
                111,
                112,
                115,
                116,
                117,
                118,
                119,
                121,
                122,
                123,
                124,
                125,
                126,
                127,
                128,
                129,
                130,
                131,
                133,
                136,
                137,
                138,
                139,
                140,
                141,
                142,
                144,
                145,
                150,
                151,
                152,
                154,
                157,
                172,
                173,
                174,
                175,
                178,
                193,
                194,
                195,
                196,
                203,
                207,
                212,
                216
            ],
            "excluded_lines": [],
            "executed_branches": [],
            "missing_branches": [
                [
                    55,
                    56
                ],
                [
                    55,
                    57
                ],
                [
                    57,
                    58
                ],
                [
                    57,
                    60
                ],
                [
                    85,
                    86
                ],
                [
                    85,
                    88
                ],
                [
                    111,
                    112
                ],
                [
                    111,
                    154
                ],
                [
                    118,
                    119
                ],
                [
                    118,
                    152
                ]
            ]
        },
        "moonshot/integrations/cli/benchmark/run.py": {
            "executed_lines": [],
            "summary": {
                "covered_lines": 0,
                "num_statements": 45,
                "percent_covered": 0.0,
                "percent_covered_display": "0",
                "missing_lines": 45,
                "excluded_lines": 0,
                "num_branches": 4,
                "num_partial_branches": 0,
                "covered_branches": 0,
                "missing_branches": 4
            },
            "missing_lines": [
                1,
                2,
                3,
                5,
                6,
                11,
                17,
                29,
                30,
                31,
                32,
                33,
                36,
                51,
                52,
                53,
                54,
                55,
                61,
                77,
                78,
                81,
                82,
                83,
                84,
                85,
                101,
                104,
                105,
                106,
                107,
                108,
                109,
                110,
                111,
                115,
                116,
                118,
                119,
                125,
                126,
                127,
                129,
                136,
                140
            ],
            "excluded_lines": [],
            "executed_branches": [],
            "missing_branches": [
                [
                    77,
                    78
                ],
                [
                    77,
                    129
                ],
                [
                    84,
                    85
                ],
                [
                    84,
                    127
                ]
            ]
        },
        "moonshot/integrations/cli/benchmark/runner.py": {
            "executed_lines": [],
            "summary": {
                "covered_lines": 0,
                "num_statements": 54,
                "percent_covered": 0.0,
                "percent_covered_display": "0",
                "missing_lines": 54,
                "excluded_lines": 0,
                "num_branches": 10,
                "num_partial_branches": 0,
                "covered_branches": 0,
                "missing_branches": 10
            },
            "missing_lines": [
                1,
                2,
                3,
                5,
                13,
                18,
                24,
                35,
                36,
                37,
                38,
                39,
                40,
                41,
                44,
                59,
                60,
                61,
                62,
                63,
                64,
                65,
                68,
                85,
                88,
                89,
                90,
                91,
                92,
                93,
                94,
                95,
                101,
                123,
                124,
                127,
                128,
                129,
                130,
                131,
                133,
                134,
                136,
                140,
                145,
                150,
                152,
                153,
                154,
                156,
                163,
                167,
                170,
                174
            ],
            "excluded_lines": [],
            "executed_branches": [],
            "missing_branches": [
                [
                    88,
                    89
                ],
                [
                    88,
                    91
                ],
                [
                    123,
                    124
                ],
                [
                    123,
                    156
                ],
                [
                    130,
                    131
                ],
                [
                    130,
                    154
                ],
                [
                    136,
                    -136
                ],
                [
                    136,
                    140
                ],
                [
                    140,
                    -140
                ],
                [
                    140,
                    145
                ]
            ]
        },
        "moonshot/integrations/cli/cli.py": {
            "executed_lines": [],
            "summary": {
                "covered_lines": 0,
                "num_statements": 40,
                "percent_covered": 0.0,
                "percent_covered_display": "0",
                "missing_lines": 40,
                "excluded_lines": 0,
                "num_branches": 6,
                "num_partial_branches": 0,
                "covered_branches": 0,
                "missing_branches": 6
            },
            "missing_lines": [
                1,
                2,
                3,
                5,
                6,
                7,
                8,
                11,
                12,
                17,
                20,
                21,
                22,
                23,
                24,
                26,
                30,
                31,
                32,
                33,
                34,
                35,
                36,
                37,
                38,
                39,
                41,
                44,
                45,
                46,
                47,
                49,
                51,
                52,
                53,
                54,
                56,
                57,
                63,
                64
            ],
            "excluded_lines": [],
            "executed_branches": [],
            "missing_branches": [
                [
                    44,
                    -41
                ],
                [
                    44,
                    45
                ],
                [
                    52,
                    53
                ],
                [
                    52,
                    63
                ],
                [
                    53,
                    54
                ],
                [
                    53,
                    56
                ]
            ]
        },
        "moonshot/integrations/cli/common/__init__.py": {
            "executed_lines": [],
            "summary": {
                "covered_lines": 0,
                "num_statements": 0,
                "percent_covered": 100.0,
                "percent_covered_display": "100",
                "missing_lines": 0,
                "excluded_lines": 0,
                "num_branches": 0,
                "num_partial_branches": 0,
                "covered_branches": 0,
                "missing_branches": 0
            },
            "missing_lines": [],
            "excluded_lines": [],
            "executed_branches": [],
            "missing_branches": []
        },
        "moonshot/integrations/cli/common/common.py": {
            "executed_lines": [],
            "summary": {
                "covered_lines": 0,
                "num_statements": 29,
                "percent_covered": 0.0,
                "percent_covered_display": "0",
                "missing_lines": 29,
                "excluded_lines": 0,
                "num_branches": 12,
                "num_partial_branches": 0,
                "covered_branches": 0,
                "missing_branches": 12
            },
            "missing_lines": [
                1,
                3,
                5,
                17,
                24,
                25,
                26,
                27,
                33,
                34,
                36,
                37,
                39,
                40,
                42,
                43,
                44,
                49,
                50,
                51,
                56,
                57,
                58,
                63,
                64,
                65,
                70,
                71,
                72
            ],
            "excluded_lines": [],
            "executed_branches": [],
            "missing_branches": [
                [
                    24,
                    25
                ],
                [
                    24,
                    26
                ],
                [
                    43,
                    42
                ],
                [
                    43,
                    49
                ],
                [
                    50,
                    49
                ],
                [
                    50,
                    56
                ],
                [
                    57,
                    56
                ],
                [
                    57,
                    63
                ],
                [
                    64,
                    63
                ],
                [
                    64,
                    70
                ],
                [
                    71,
                    -24
                ],
                [
                    71,
                    70
                ]
            ]
        },
        "moonshot/integrations/cli/common/connectors.py": {
            "executed_lines": [],
            "summary": {
                "covered_lines": 0,
                "num_statements": 94,
                "percent_covered": 0.0,
                "percent_covered_display": "0",
                "missing_lines": 94,
                "excluded_lines": 0,
                "num_branches": 10,
                "num_partial_branches": 0,
                "covered_branches": 0,
                "missing_branches": 10
            },
            "missing_lines": [
                1,
                3,
                4,
                5,
                6,
                8,
                17,
                23,
                43,
                44,
                46,
                55,
                56,
                57,
                60,
                70,
                71,
                72,
                73,
                74,
                77,
                87,
                88,
                89,
                90,
                91,
                94,
                109,
                110,
                111,
                112,
                113,
                116,
                132,
                133,
                134,
                135,
                136,
                137,
                138,
                141,
                157,
                160,
                161,
                162,
                163,
                164,
                165,
                166,
                167,
                173,
                186,
                187,
                193,
                194,
                195,
                196,
                197,
                198,
                200,
                203,
                217,
                218,
                224,
                225,
                226,
                227,
                228,
                229,
                230,
                231,
                232,
                233,
                235,
                236,
                247,
                248,
                260,
                262,
                269,
                274,
                279,
                280,
                281,
                282,
                287,
                290,
                293,
                308,
                309,
                314,
                318,
                321,
                325
            ],
            "excluded_lines": [],
            "executed_branches": [],
            "missing_branches": [
                [
                    160,
                    161
                ],
                [
                    160,
                    163
                ],
                [
                    186,
                    187
                ],
                [
                    186,
                    200
                ],
                [
                    195,
                    196
                ],
                [
                    195,
                    198
                ],
                [
                    217,
                    218
                ],
                [
                    217,
                    262
                ],
                [
                    235,
                    236
                ],
                [
                    235,
                    260
                ]
            ]
        },
        "moonshot/integrations/cli/common/display_helper.py": {
            "executed_lines": [],
            "summary": {
                "covered_lines": 0,
                "num_statements": 8,
                "percent_covered": 0.0,
                "percent_covered_display": "0",
                "missing_lines": 8,
                "excluded_lines": 0,
                "num_branches": 6,
                "num_partial_branches": 0,
                "covered_branches": 0,
                "missing_branches": 6
            },
            "missing_lines": [
                1,
                16,
                17,
                21,
                24,
                39,
                40,
                42
            ],
            "excluded_lines": [],
            "executed_branches": [],
            "missing_branches": [
                [
                    16,
                    17
                ],
                [
                    16,
                    21
                ],
                [
                    17,
                    -17
                ],
                [
                    17,
                    -1
                ],
                [
                    39,
                    40
                ],
                [
                    39,
                    42
                ]
            ]
        },
        "moonshot/integrations/cli/common/prompt_template.py": {
            "executed_lines": [],
            "summary": {
                "covered_lines": 0,
                "num_statements": 36,
                "percent_covered": 0.0,
                "percent_covered_display": "0",
                "missing_lines": 36,
                "excluded_lines": 0,
                "num_branches": 6,
                "num_partial_branches": 0,
                "covered_branches": 0,
                "missing_branches": 6
            },
            "missing_lines": [
                1,
                2,
                3,
                5,
                7,
                13,
                17,
                18,
                19,
                20,
                21,
                24,
                33,
                36,
                37,
                38,
                39,
                40,
                41,
                42,
                43,
                49,
                50,
                56,
                57,
                58,
                59,
                60,
                61,
                68,
                69,
                70,
                71,
                73,
                77,
                82
            ],
            "excluded_lines": [],
            "executed_branches": [],
            "missing_branches": [
                [
                    36,
                    37
                ],
                [
                    36,
                    39
                ],
                [
                    59,
                    60
                ],
                [
                    59,
                    73
                ],
                [
                    60,
                    61
                ],
                [
                    60,
                    71
                ]
            ]
        },
        "moonshot/integrations/cli/initialisation/__init__.py": {
            "executed_lines": [],
            "summary": {
                "covered_lines": 0,
                "num_statements": 0,
                "percent_covered": 100.0,
                "percent_covered_display": "100",
                "missing_lines": 0,
                "excluded_lines": 0,
                "num_branches": 0,
                "num_partial_branches": 0,
                "covered_branches": 0,
                "missing_branches": 0
            },
            "missing_lines": [],
            "excluded_lines": [],
            "executed_branches": [],
            "missing_branches": []
        },
        "moonshot/integrations/cli/initialisation/initialisation.py": {
            "executed_lines": [],
            "summary": {
                "covered_lines": 0,
                "num_statements": 7,
                "percent_covered": 0.0,
                "percent_covered_display": "0",
                "missing_lines": 7,
                "excluded_lines": 0,
                "num_branches": 2,
                "num_partial_branches": 0,
                "covered_branches": 0,
                "missing_branches": 2
            },
            "missing_lines": [
                1,
                4,
                5,
                6,
                7,
                9,
                14
            ],
            "excluded_lines": [],
            "executed_branches": [],
            "missing_branches": [
                [
                    4,
                    5
                ],
                [
                    4,
                    6
                ]
            ]
        },
        "moonshot/integrations/cli/redteam/__init__.py": {
            "executed_lines": [],
            "summary": {
                "covered_lines": 0,
                "num_statements": 0,
                "percent_covered": 100.0,
                "percent_covered_display": "100",
                "missing_lines": 0,
                "excluded_lines": 0,
                "num_branches": 0,
                "num_partial_branches": 0,
                "covered_branches": 0,
                "missing_branches": 0
            },
            "missing_lines": [],
            "excluded_lines": [],
            "executed_branches": [],
            "missing_branches": []
        },
        "moonshot/integrations/cli/redteam/attack_module.py": {
            "executed_lines": [],
            "summary": {
                "covered_lines": 0,
                "num_statements": 31,
                "percent_covered": 0.0,
                "percent_covered_display": "0",
                "missing_lines": 31,
                "excluded_lines": 0,
                "num_branches": 8,
                "num_partial_branches": 0,
                "covered_branches": 0,
                "missing_branches": 8
            },
            "missing_lines": [
                1,
                2,
                3,
                5,
                7,
                10,
                14,
                15,
                17,
                18,
                24,
                25,
                27,
                30,
                31,
                32,
                33,
                35,
                37,
                40,
                49,
                52,
                53,
                54,
                55,
                56,
                57,
                58,
                59,
                63,
                68
            ],
            "excluded_lines": [],
            "executed_branches": [],
            "missing_branches": [
                [
                    17,
                    18
                ],
                [
                    17,
                    37
                ],
                [
                    27,
                    30
                ],
                [
                    27,
                    35
                ],
                [
                    31,
                    32
                ],
                [
                    31,
                    33
                ],
                [
                    52,
                    53
                ],
                [
                    52,
                    55
                ]
            ]
        },
        "moonshot/integrations/cli/redteam/context_strategy.py": {
            "executed_lines": [],
            "summary": {
                "covered_lines": 0,
                "num_statements": 51,
                "percent_covered": 0.0,
                "percent_covered_display": "0",
                "missing_lines": 51,
                "excluded_lines": 0,
                "num_branches": 12,
                "num_partial_branches": 0,
                "covered_branches": 0,
                "missing_branches": 12
            },
            "missing_lines": [
                1,
                3,
                4,
                5,
                7,
                12,
                14,
                16,
                19,
                27,
                28,
                35,
                36,
                37,
                39,
                42,
                48,
                53,
                57,
                58,
                59,
                65,
                66,
                67,
                70,
                71,
                72,
                73,
                74,
                76,
                79,
                84,
                85,
                86,
                87,
                89,
                94,
                103,
                106,
                107,
                108,
                109,
                110,
                111,
                112,
                113,
                117,
                121,
                126,
                135,
                140
            ],
            "excluded_lines": [],
            "executed_branches": [],
            "missing_branches": [
                [
                    35,
                    36
                ],
                [
                    35,
                    48
                ],
                [
                    58,
                    59
                ],
                [
                    58,
                    76
                ],
                [
                    67,
                    70
                ],
                [
                    67,
                    74
                ],
                [
                    71,
                    72
                ],
                [
                    71,
                    73
                ],
                [
                    84,
                    85
                ],
                [
                    84,
                    89
                ],
                [
                    106,
                    107
                ],
                [
                    106,
                    109
                ]
            ]
        },
        "moonshot/integrations/cli/redteam/prompt_template.py": {
            "executed_lines": [],
            "summary": {
                "covered_lines": 0,
                "num_statements": 21,
                "percent_covered": 0.0,
                "percent_covered_display": "0",
                "missing_lines": 21,
                "excluded_lines": 0,
                "num_branches": 4,
                "num_partial_branches": 0,
                "covered_branches": 0,
                "missing_branches": 4
            },
            "missing_lines": [
                1,
                3,
                4,
                5,
                6,
                8,
                11,
                18,
                21,
                22,
                23,
                26,
                31,
                36,
                41,
                42,
                43,
                44,
                46,
                52,
                56
            ],
            "excluded_lines": [],
            "executed_branches": [],
            "missing_branches": [
                [
                    21,
                    22
                ],
                [
                    21,
                    31
                ],
                [
                    41,
                    42
                ],
                [
                    41,
                    46
                ]
            ]
        },
        "moonshot/integrations/cli/redteam/redteam.py": {
            "executed_lines": [],
            "summary": {
                "covered_lines": 0,
                "num_statements": 46,
                "percent_covered": 0.0,
                "percent_covered_display": "0",
                "missing_lines": 46,
                "excluded_lines": 0,
                "num_branches": 18,
                "num_partial_branches": 0,
                "covered_branches": 0,
                "missing_branches": 18
            },
            "missing_lines": [
                1,
                3,
                5,
                10,
                18,
                23,
                37,
                38,
                39,
                40,
                42,
                43,
                44,
                46,
                47,
                49,
                50,
                52,
                53,
                54,
                56,
                57,
                58,
                60,
                61,
                63,
                64,
                66,
                67,
                68,
                70,
                71,
                73,
                74,
                75,
                77,
                78,
                80,
                81,
                82,
                84,
                85,
                86,
                88,
                89,
                90
            ],
            "excluded_lines": [],
            "executed_branches": [],
            "missing_branches": [
                [
                    37,
                    38
                ],
                [
                    37,
                    39
                ],
                [
                    43,
                    42
                ],
                [
                    43,
                    46
                ],
                [
                    53,
                    52
                ],
                [
                    53,
                    56
                ],
                [
                    57,
                    56
                ],
                [
                    57,
                    60
                ],
                [
                    67,
                    66
                ],
                [
                    67,
                    70
                ],
                [
                    74,
                    73
                ],
                [
                    74,
                    77
                ],
                [
                    81,
                    80
                ],
                [
                    81,
                    84
                ],
                [
                    85,
                    84
                ],
                [
                    85,
                    88
                ],
                [
                    89,
                    -37
                ],
                [
                    89,
                    88
                ]
            ]
        },
        "moonshot/integrations/cli/redteam/session.py": {
            "executed_lines": [],
            "summary": {
                "covered_lines": 0,
                "num_statements": 151,
                "percent_covered": 0.0,
                "percent_covered_display": "0",
                "missing_lines": 151,
                "excluded_lines": 0,
                "num_branches": 34,
                "num_partial_branches": 0,
                "covered_branches": 0,
                "missing_branches": 34
            },
            "missing_lines": [
                1,
                2,
                4,
                5,
                6,
                7,
                8,
                10,
                19,
                20,
                24,
                27,
                36,
                37,
                38,
                39,
                42,
                43,
                46,
                48,
                49,
                50,
                53,
                54,
                57,
                58,
                59,
                60,
                61,
                64,
                65,
                67,
                70,
                78,
                81,
                82,
                83,
                84,
                87,
                88,
                89,
                90,
                91,
                94,
                99,
                102,
                109,
                110,
                111,
                114,
                115,
                116,
                118,
                119,
                120,
                121,
                123,
                124,
                125,
                126,
                128,
                131,
                141,
                142,
                147,
                148,
                149,
                150,
                151,
                152,
                155,
                157,
                158,
                165,
                166,
                167,
                170,
                176,
                179,
                182,
                194,
                195,
                196,
                197,
                200,
                203,
                209,
                210,
                217,
                219,
                228,
                229,
                230,
                231,
                232,
                235,
                248,
                249,
                250,
                252,
                253,
                254,
                255,
                256,
                257,
                258,
                264,
                265,
                272,
                275,
                285,
                286,
                289,
                290,
                291,
                292,
                293,
                294,
                297,
                305,
                306,
                307,
                308,
                309,
                312,
                321,
                324,
                325,
                326,
                327,
                328,
                329,
                330,
                331,
                335,
                339,
                346,
                354,
                360,
                368,
                375,
                384,
                392,
                396,
                400,
                408,
                416,
                424,
                432,
                438,
                443
            ],
            "excluded_lines": [],
            "executed_branches": [],
            "missing_branches": [
                [
                    42,
                    43
                ],
                [
                    42,
                    46
                ],
                [
                    53,
                    -27
                ],
                [
                    53,
                    54
                ],
                [
                    58,
                    59
                ],
                [
                    58,
                    67
                ],
                [
                    60,
                    61
                ],
                [
                    60,
                    64
                ],
                [
                    82,
                    83
                ],
                [
                    82,
                    87
                ],
                [
                    88,
                    89
                ],
                [
                    88,
                    90
                ],
                [
                    110,
                    111
                ],
                [
                    110,
                    128
                ],
                [
                    118,
                    119
                ],
                [
                    118,
                    126
                ],
                [
                    141,
                    142
                ],
                [
                    141,
                    179
                ],
                [
                    149,
                    150
                ],
                [
                    149,
                    170
                ],
                [
                    157,
                    158
                ],
                [
                    157,
                    166
                ],
                [
                    194,
                    195
                ],
                [
                    194,
                    197
                ],
                [
                    209,
                    210
                ],
                [
                    209,
                    217
                ],
                [
                    248,
                    249
                ],
                [
                    248,
                    252
                ],
                [
                    264,
                    265
                ],
                [
                    264,
                    272
                ],
                [
                    306,
                    307
                ],
                [
                    306,
                    309
                ],
                [
                    324,
                    325
                ],
                [
                    324,
                    327
                ]
            ]
        },
        "moonshot/integrations/web_api/__init__.py": {
            "executed_lines": [],
            "summary": {
                "covered_lines": 0,
                "num_statements": 0,
                "percent_covered": 100.0,
                "percent_covered_display": "100",
                "missing_lines": 0,
                "excluded_lines": 0,
                "num_branches": 0,
                "num_partial_branches": 0,
                "covered_branches": 0,
                "missing_branches": 0
            },
            "missing_lines": [],
            "excluded_lines": [],
            "executed_branches": [],
            "missing_branches": []
        },
        "moonshot/integrations/web_api/__main__.py": {
            "executed_lines": [],
            "summary": {
                "covered_lines": 0,
                "num_statements": 37,
                "percent_covered": 0.0,
                "percent_covered_display": "0",
                "missing_lines": 37,
                "excluded_lines": 0,
                "num_branches": 12,
                "num_partial_branches": 0,
                "covered_branches": 0,
                "missing_branches": 12
            },
            "missing_lines": [
                1,
                2,
                4,
                5,
                7,
                8,
                9,
                10,
                13,
                14,
                15,
                17,
                18,
                19,
                21,
                23,
                24,
                25,
                26,
                27,
                29,
                30,
                31,
                32,
                33,
                34,
                35,
                36,
                37,
                38,
                39,
                42,
                45,
                49,
                52,
                55,
                56
            ],
            "excluded_lines": [],
            "executed_branches": [],
            "missing_branches": [
                [
                    18,
                    19
                ],
                [
                    18,
                    21
                ],
                [
                    31,
                    32
                ],
                [
                    31,
                    33
                ],
                [
                    36,
                    37
                ],
                [
                    36,
                    52
                ],
                [
                    37,
                    38
                ],
                [
                    37,
                    39
                ],
                [
                    39,
                    42
                ],
                [
                    39,
                    49
                ],
                [
                    55,
                    -1
                ],
                [
                    55,
                    56
                ]
            ]
        },
        "moonshot/integrations/web_api/app.py": {
            "executed_lines": [],
            "summary": {
                "covered_lines": 0,
                "num_statements": 67,
                "percent_covered": 0.0,
                "percent_covered_display": "0",
                "missing_lines": 67,
                "excluded_lines": 0,
                "num_branches": 18,
                "num_partial_branches": 0,
                "covered_branches": 0,
                "missing_branches": 18
            },
            "missing_lines": [
                1,
                2,
                3,
                4,
                6,
                7,
                8,
                9,
                10,
                12,
                13,
                25,
                27,
                30,
                31,
                34,
                35,
                36,
                37,
                38,
                39,
                42,
                43,
                44,
                45,
                46,
                49,
                52,
                53,
                54,
                55,
                58,
                59,
                60,
                62,
                63,
                64,
                66,
                68,
                69,
                70,
                71,
                72,
                80,
                82,
                83,
                85,
                86,
                87,
                88,
                89,
                90,
                91,
                92,
                93,
                94,
                95,
                97,
                98,
                101,
                102,
                104,
                105,
                106,
                108,
                109,
                114
            ],
            "excluded_lines": [],
            "executed_branches": [],
            "missing_branches": [
                [
                    37,
                    38
                ],
                [
                    37,
                    39
                ],
                [
                    43,
                    42
                ],
                [
                    43,
                    49
                ],
                [
                    59,
                    60
                ],
                [
                    59,
                    62
                ],
                [
                    63,
                    64
                ],
                [
                    63,
                    66
                ],
                [
                    68,
                    69
                ],
                [
                    68,
                    80
                ],
                [
                    82,
                    83
                ],
                [
                    82,
                    85
                ],
                [
                    98,
                    97
                ],
                [
                    98,
                    114
                ],
                [
                    102,
                    104
                ],
                [
                    102,
                    108
                ],
                [
                    104,
                    105
                ],
                [
                    104,
                    106
                ]
            ]
        },
        "moonshot/integrations/web_api/container.py": {
            "executed_lines": [],
            "summary": {
                "covered_lines": 0,
                "num_statements": 38,
                "percent_covered": 0.0,
                "percent_covered_display": "0",
                "missing_lines": 38,
                "excluded_lines": 0,
                "num_branches": 0,
                "num_partial_branches": 0,
                "covered_branches": 0,
                "missing_branches": 0
            },
            "missing_lines": [
                1,
                3,
                5,
                6,
                7,
                8,
                9,
                10,
                11,
                12,
                13,
                14,
                15,
                16,
                17,
                18,
                19,
                20,
                23,
                24,
                25,
                60,
                63,
                66,
                71,
                74,
                82,
                90,
                96,
                99,
                104,
                107,
                110,
                113,
                116,
                120,
                123,
                126
            ],
            "excluded_lines": [],
            "executed_branches": [],
            "missing_branches": []
        },
        "moonshot/integrations/web_api/logging_conf.py": {
            "executed_lines": [],
            "summary": {
                "covered_lines": 0,
                "num_statements": 34,
                "percent_covered": 0.0,
                "percent_covered_display": "0",
                "missing_lines": 34,
                "excluded_lines": 0,
                "num_branches": 8,
                "num_partial_branches": 0,
                "covered_branches": 0,
                "missing_branches": 8
            },
            "missing_lines": [
                1,
                2,
                3,
                4,
                5,
                7,
                9,
                11,
                24,
                25,
                33,
                40,
                41,
                43,
                44,
                45,
                47,
                48,
                49,
                52,
                53,
                54,
                57,
                58,
                59,
                61,
                66,
                67,
                69,
                75,
                78,
                79,
                80,
                82
            ],
            "excluded_lines": [],
            "executed_branches": [],
            "missing_branches": [
                [
                    44,
                    45
                ],
                [
                    44,
                    47
                ],
                [
                    53,
                    -52
                ],
                [
                    53,
                    54
                ],
                [
                    58,
                    59
                ],
                [
                    58,
                    61
                ],
                [
                    79,
                    80
                ],
                [
[...]
                "missing_lines": 0,
                "excluded_lines": 0,
                "num_branches": 0,
                "num_partial_branches": 0,
                "covered_branches": 0,
                "missing_branches": 0
            },
            "missing_lines": [],
            "excluded_lines": [],
            "executed_branches": [],
            "missing_branches": []
        },
        "moonshot/src/storage/storage.py": {
            "executed_lines": [
                1,
                2,
                3,
                4,
                5,
                6,
                8,
                9,
                11,
                12,
                13,
                16,
                17,
                18,
                19,
                36,
                41,
                42,
                43,
                47,
                48,
                56,
                57,
                58,
                88,
                93,
                94,
                95,
                99,
                100,
                110,
                111,
                112,
                127,
                132,
                133,
                134,
                138,
                139,
                145,
                147,
                148,
                149,
                164,
                165,
                166,
                167,
                169,
                171,
                172,
                187,
                188,
                191,
                192,
                193,
                195,
                196,
                197,
                208,
                213,
                214,
                218,
                219,
                233,
                234,
                235,
                236,
                237,
                241,
                242,
                255,
                256,
                257,
                258,
                259,
                260,
                264,
                265,
                284,
                288,
                289,
                290,
                302,
                303,
                304,
                308,
                309,
                330,
                336,
                337,
                340,
                341,
                349,
                350,
                365,
                366,
                387,
                388,
                411,
                412,
                435,
                436,
                454,
                455,
                459,
                460,
                482,
                483,
                505,
                506
            ],
            "summary": {
                "covered_lines": 110,
                "num_statements": 146,
                "percent_covered": 75.19083969465649,
                "percent_covered_display": "75",
                "missing_lines": 36,
                "excluded_lines": 0,
                "num_branches": 116,
                "num_partial_branches": 15,
                "covered_branches": 87,
                "missing_branches": 29
            },
            "missing_lines": [
                37,
                50,
                54,
                89,
                104,
                108,
                128,
                141,
                209,
                239,
                262,
                306,
                343,
                345,
                360,
                361,
                363,
                382,
                383,
                385,
                406,
                407,
                409,
                430,
                431,
                433,
                457,
                477,
                478,
                480,
                500,
                501,
                503,
                522,
                523,
                525
            ],
            "excluded_lines": [],
            "executed_branches": [
                [
                    17,
                    18
                ],
                [
                    17,
                    19
                ],
                [
                    18,
                    17
                ],
                [
                    18,
                    19
                ],
                [
                    19,
                    18
                ],
                [
                    19,
                    19
                ],
                [
                    19,
                    56
                ],
                [
                    36,
                    41
                ],
                [
                    42,
                    43
                ],
                [
                    47,
                    48
                ],
                [
                    56,
                    57
                ],
                [
                    56,
                    58
                ],
                [
                    57,
                    56
                ],
                [
                    57,
                    58
                ],
                [
                    58,
                    57
                ],
                [
                    58,
                    58
                ],
                [
                    58,
                    110
                ],
                [
                    88,
                    93
                ],
                [
                    94,
                    95
                ],
                [
                    99,
                    100
                ],
                [
                    110,
                    111
                ],
                [
                    110,
                    112
                ],
                [
                    111,
                    110
                ],
                [
                    111,
                    112
                ],
                [
                    112,
                    111
                ],
                [
                    112,
                    112
                ],
                [
                    112,
                    147
                ],
                [
                    127,
                    132
                ],
                [
                    133,
                    134
                ],
                [
                    133,
                    145
                ],
                [
                    138,
                    139
                ],
                [
                    147,
                    148
                ],
                [
                    147,
                    149
                ],
                [
                    148,
                    147
                ],
                [
                    148,
                    149
                ],
                [
                    149,
                    148
                ],
                [
                    149,
                    171
                ],
                [
                    165,
                    166
                ],
                [
                    165,
                    169
                ],
                [
                    172,
                    171
                ],
                [
                    172,
                    172
                ],
                [
                    172,
                    195
                ],
                [
                    191,
                    192
                ],
                [
                    191,
                    193
                ],
                [
                    195,
                    196
                ],
                [
                    195,
                    197
                ],
                [
                    196,
                    195
                ],
                [
                    196,
                    197
                ],
                [
                    197,
                    196
                ],
                [
                    197,
                    218
                ],
                [
                    208,
                    213
                ],
                [
                    214,
                    -214
                ],
                [
                    214,
                    -195
                ],
                [
                    214,
                    214
                ],
                [
                    219,
                    218
                ],
                [
                    219,
                    219
                ],
                [
                    219,
                    241
                ],
                [
                    234,
                    235
                ],
                [
                    242,
                    241
                ],
                [
                    242,
                    264
                ],
                [
                    256,
                    257
                ],
                [
                    257,
                    258
                ],
                [
                    257,
                    259
                ],
                [
                    265,
                    264
                ],
                [
                    265,
                    265
                ],
                [
                    265,
                    288
                ],
                [
                    288,
                    289
                ],
                [
                    288,
                    290
                ],
                [
                    289,
                    288
                ],
                [
                    289,
                    290
                ],
                [
                    290,
                    289
                ],
                [
                    290,
                    308
                ],
                [
                    303,
                    304
                ],
                [
                    309,
                    308
                ],
                [
                    309,
                    309
                ],
                [
                    309,
                    349
                ],
                [
                    336,
                    337
                ],
                [
                    340,
                    341
                ],
                [
                    350,
                    349
                ],
                [
                    350,
                    365
                ],
                [
                    366,
                    365
                ],
                [
                    366,
                    366
                ],
                [
                    366,
                    387
                ],
                [
                    388,
                    387
                ],
                [
                    388,
                    388
                ],
                [
                    388,
                    411
                ],
                [
                    412,
                    411
                ],
                [
                    412,
                    412
                ],
                [
                    412,
                    435
                ],
                [
                    436,
                    435
                ],
                [
                    436,
                    436
                ],
                [
                    436,
                    459
                ],
                [
                    454,
                    455
                ],
                [
                    460,
                    459
                ],
                [
                    460,
                    460
                ],
                [
                    460,
                    482
                ],
                [
                    483,
                    482
                ],
                [
                    483,
                    483
                ],
                [
                    483,
                    505
                ],
                [
                    506,
                    -16
                ],
                [
                    506,
                    505
                ],
                [
                    506,
                    506
                ]
            ],
            "missing_branches": [
                [
                    36,
                    37
                ],
                [
                    42,
                    54
                ],
                [
                    47,
                    50
                ],
                [
                    88,
                    89
                ],
                [
                    94,
                    108
                ],
                [
                    99,
                    104
                ],
                [
                    127,
                    128
                ],
                [
                    138,
                    141
                ],
                [
                    208,
                    209
                ],
                [
                    234,
                    239
                ],
                [
                    256,
                    262
                ],
                [
                    303,
                    306
                ],
                [
                    336,
                    345
                ],
                [
                    340,
                    343
                ],
                [
                    360,
                    361
                ],
                [
                    360,
                    363
                ],
                [
                    382,
                    383
                ],
                [
                    382,
                    385
                ],
                [
                    406,
                    407
                ],
                [
                    406,
                    409
                ],
                [
                    430,
                    431
                ],
                [
                    430,
                    433
                ],
                [
                    454,
                    457
                ],
                [
                    477,
                    478
                ],
                [
                    477,
                    480
                ],
                [
                    500,
                    501
                ],
                [
                    500,
                    503
                ],
                [
                    522,
                    523
                ],
                [
                    522,
                    525
                ]
            ]
        },
        "moonshot/src/utils/__init__.py": {
            "executed_lines": [],
            "summary": {
                "covered_lines": 0,
                "num_statements": 0,
                "percent_covered": 100.0,
                "percent_covered_display": "100",
                "missing_lines": 0,
                "excluded_lines": 0,
                "num_branches": 0,
                "num_partial_branches": 0,
                "covered_branches": 0,
                "missing_branches": 0
            },
            "missing_lines": [],
            "excluded_lines": [],
            "executed_branches": [],
            "missing_branches": []
        },
        "moonshot/src/utils/import_modules.py": {
            "executed_lines": [
                1,
                2,
                3,
                4,
                5,
                8,
                19,
                20,
                26,
                28,
                29,
                31,
                35,
                37,
                39,
                42,
                52,
                53,
                55,
                56,
                57,
                60,
                72,
                78,
                80,
                83,
                85,
                88,
                93,
                96
            ],
            "summary": {
                "covered_lines": 30,
                "num_statements": 30,
                "percent_covered": 97.61904761904762,
                "percent_covered_display": "98",
                "missing_lines": 0,
                "excluded_lines": 0,
                "num_branches": 12,
                "num_partial_branches": 1,
                "covered_branches": 11,
                "missing_branches": 1
            },
            "missing_lines": [],
            "excluded_lines": [],
            "executed_branches": [
                [
                    20,
                    20
                ],
                [
                    20,
                    26
                ],
                [
                    20,
                    28
                ],
                [
                    29,
                    31
                ],
                [
                    52,
                    53
                ],
                [
                    52,
                    55
                ],
                [
                    78,
                    80
                ],
                [
                    78,
                    96
                ],
                [
                    83,
                    85
                ],
                [
                    83,
                    96
                ],
                [
                    88,
                    83
                ],
                [
                    88,
                    88
                ],
                [
                    88,
                    93
                ]
            ],
            "missing_branches": [
                [
                    29,
                    35
                ]
            ]
        },
        "moonshot/src/utils/timeit.py": {
            "executed_lines": [
                1,
                2,
                5,
                6,
                7,
                18,
                19,
                20,
                21,
                22,
                23,
                25
            ],
            "summary": {
                "covered_lines": 12,
                "num_statements": 12,
                "percent_covered": 100.0,
                "percent_covered_display": "100",
                "missing_lines": 0,
                "excluded_lines": 0,
                "num_branches": 2,
                "num_partial_branches": 0,
                "covered_branches": 2,
                "missing_branches": 0
            },
            "missing_lines": [],
            "excluded_lines": [],
            "executed_branches": [
                [
                    7,
                    6
                ],
                [
                    7,
                    25
                ]
            ],
            "missing_branches": []
        }
    },
    "totals": {
        "covered_lines": 1370,
        "num_statements": 3543,
        "percent_covered": 40.02582311168496,
        "percent_covered_display": "40",
        "missing_lines": 2173,
        "excluded_lines": 34,
        "num_branches": 1104,
        "num_partial_branches": 50,
        "covered_branches": 490,
        "missing_branches": 614
    }
}